# JRE version: Java(TM) SE Runtime Environment (8.0_111-b14) (build 1.8.0_111-b14)
# Java VM: Java HotSpot(TM) 64-Bit Server VM (25.111-b14 mixed mode windows-amd64 compressed oops)
Heap:
 PSYoungGen      total 109056K, used 52904K [0x000000076af80000, 0x0000000777680000, 0x00000007c0000000)
  eden space 90112K, 37% used [0x000000076af80000,0x000000076d0b03c0,0x0000000770780000)
  from space 18944K, 99% used [0x0000000770780000,0x00000007719f9f60,0x0000000771a00000)
  to   space 25088K, 0% used [0x0000000775e00000,0x0000000775e00000,0x0000000777680000)
 ParOldGen       total 114176K, used 28886K [0x00000006c0e00000, 0x00000006c7d80000, 0x000000076af80000)
  object space 114176K, 25% used [0x00000006c0e00000,0x00000006c2a35990,0x00000006c7d80000)
 Metaspace       used 28870K, capacity 29428K, committed 29824K, reserved 1075200K
  class space    used 3412K, capacity 3591K, committed 3712K, reserved 1048576K
GC Heap History (10 events):
Event: 7.469 GC heap before
{Heap before GC invocations=4 (full 0):
 PSYoungGen      total 76288K, used 35265K [0x000000076af80000, 0x0000000770480000, 0x00000007c0000000)
  eden space 65536K, 37% used [0x000000076af80000,0x000000076c776a58,0x000000076ef80000)
  from space 10752K, 99% used [0x000000076ef80000,0x000000076f9f9c08,0x000000076fa00000)
  to   space 10752K, 0% used [0x000000076fa00000,0x000000076fa00000,0x0000000770480000)
 ParOldGen       total 175104K, used 653K [0x00000006c0e00000, 0x00000006cb900000, 0x000000076af80000)
  object space 175104K, 0% used [0x00000006c0e00000,0x00000006c0ea36f0,0x00000006cb900000)
 Metaspace       used 20694K, capacity 21190K, committed 21296K, reserved 1069056K
  class space    used 2490K, capacity 2655K, committed 2688K, reserved 1048576K
Event: 7.488 GC heap after
Heap after GC invocations=4 (full 0):
 PSYoungGen      total 76288K, used 10744K [0x000000076af80000, 0x0000000770480000, 0x00000007c0000000)
  eden space 65536K, 0% used [0x000000076af80000,0x000000076af80000,0x000000076ef80000)
  from space 10752K, 99% used [0x000000076fa00000,0x000000077047e050,0x0000000770480000)
  to   space 10752K, 0% used [0x000000076ef80000,0x000000076ef80000,0x000000076fa00000)
 ParOldGen       total 175104K, used 2609K [0x00000006c0e00000, 0x00000006cb900000, 0x000000076af80000)
  object space 175104K, 1% used [0x00000006c0e00000,0x00000006c108c6f8,0x00000006cb900000)
 Metaspace       used 20694K, capacity 21190K, committed 21296K, reserved 1069056K
  class space    used 2490K, capacity 2655K, committed 2688K, reserved 1048576K
}
Event: 7.488 GC heap before
{Heap before GC invocations=5 (full 1):
 PSYoungGen      total 76288K, used 10744K [0x000000076af80000, 0x0000000770480000, 0x00000007c0000000)
  eden space 65536K, 0% used [0x000000076af80000,0x000000076af80000,0x000000076ef80000)
  from space 10752K, 99% used [0x000000076fa00000,0x000000077047e050,0x0000000770480000)
  to   space 10752K, 0% used [0x000000076ef80000,0x000000076ef80000,0x000000076fa00000)
 ParOldGen       total 175104K, used 2609K [0x00000006c0e00000, 0x00000006cb900000, 0x000000076af80000)
  object space 175104K, 1% used [0x00000006c0e00000,0x00000006c108c6f8,0x00000006cb900000)
 Metaspace       used 20694K, capacity 21190K, committed 21296K, reserved 1069056K
  class space    used 2490K, capacity 2655K, committed 2688K, reserved 1048576K
Event: 7.564 GC heap after
Heap after GC invocations=5 (full 1):
 PSYoungGen      total 76288K, used 0K [0x000000076af80000, 0x0000000770480000, 0x00000007c0000000)
  eden space 65536K, 0% used [0x000000076af80000,0x000000076af80000,0x000000076ef80000)
  from space 10752K, 0% used [0x000000076fa00000,0x000000076fa00000,0x0000000770480000)
  to   space 10752K, 0% used [0x000000076ef80000,0x000000076ef80000,0x000000076fa00000)
 ParOldGen       total 114176K, used 12627K [0x00000006c0e00000, 0x00000006c7d80000, 0x000000076af80000)
  object space 114176K, 11% used [0x00000006c0e00000,0x00000006c1a54e18,0x00000006c7d80000)
 Metaspace       used 20694K, capacity 21190K, committed 21296K, reserved 1069056K
  class space    used 2490K, capacity 2655K, committed 2688K, reserved 1048576K
}
Event: 11.151 GC heap before
{Heap before GC invocations=6 (full 1):
 PSYoungGen      total 76288K, used 65536K [0x000000076af80000, 0x0000000770480000, 0x00000007c0000000)
  eden space 65536K, 100% used [0x000000076af80000,0x000000076ef80000,0x000000076ef80000)
  from space 10752K, 0% used [0x000000076fa00000,0x000000076fa00000,0x0000000770480000)
  to   space 10752K, 0% used [0x000000076ef80000,0x000000076ef80000,0x000000076fa00000)
 ParOldGen       total 114176K, used 12627K [0x00000006c0e00000, 0x00000006c7d80000, 0x000000076af80000)
  object space 114176K, 11% used [0x00000006c0e00000,0x00000006c1a54e18,0x00000006c7d80000)
 Metaspace       used 24366K, capacity 24848K, committed 24960K, reserved 1071104K
  class space    used 2916K, capacity 3088K, committed 3200K, reserved 1048576K
Event: 11.167 GC heap after
Heap after GC invocations=6 (full 1):
 PSYoungGen      total 76288K, used 10745K [0x000000076af80000, 0x0000000772780000, 0x00000007c0000000)
  eden space 65536K, 0% used [0x000000076af80000,0x000000076af80000,0x000000076ef80000)
  from space 10752K, 99% used [0x000000076ef80000,0x000000076f9fe4c0,0x000000076fa00000)
  to   space 13824K, 0% used [0x0000000771a00000,0x0000000771a00000,0x0000000772780000)
 ParOldGen       total 114176K, used 14276K [0x00000006c0e00000, 0x00000006c7d80000, 0x000000076af80000)
  object space 114176K, 12% used [0x00000006c0e00000,0x00000006c1bf12a0,0x00000006c7d80000)
 Metaspace       used 24366K, capacity 24848K, committed 24960K, reserved 1071104K
  class space    used 2916K, capacity 3088K, committed 3200K, reserved 1048576K
}
Event: 12.640 GC heap before
{Heap before GC invocations=7 (full 1):
 PSYoungGen      total 76288K, used 76281K [0x000000076af80000, 0x0000000772780000, 0x00000007c0000000)
  eden space 65536K, 100% used [0x000000076af80000,0x000000076ef80000,0x000000076ef80000)
  from space 10752K, 99% used [0x000000076ef80000,0x000000076f9fe4c0,0x000000076fa00000)
  to   space 13824K, 0% used [0x0000000771a00000,0x0000000771a00000,0x0000000772780000)
 ParOldGen       total 114176K, used 14276K [0x00000006c0e00000, 0x00000006c7d80000, 0x000000076af80000)
  object space 114176K, 12% used [0x00000006c0e00000,0x00000006c1bf12a0,0x00000006c7d80000)
 Metaspace       used 28838K, capacity 29428K, committed 29824K, reserved 1075200K
  class space    used 3412K, capacity 3591K, committed 3712K, reserved 1048576K
Event: 12.660 GC heap after
Heap after GC invocations=7 (full 1):
 PSYoungGen      total 103936K, used 13796K [0x000000076af80000, 0x0000000773400000, 0x00000007c0000000)
  eden space 90112K, 0% used [0x000000076af80000,0x000000076af80000,0x0000000770780000)
  from space 13824K, 99% used [0x0000000771a00000,0x0000000772779180,0x0000000772780000)
  to   space 18944K, 0% used [0x0000000770780000,0x0000000770780000,0x0000000771a00000)
 ParOldGen       total 114176K, used 21393K [0x00000006c0e00000, 0x00000006c7d80000, 0x000000076af80000)
  object space 114176K, 18% used [0x00000006c0e00000,0x00000006c22e4630,0x00000006c7d80000)
 Metaspace       used 28838K, capacity 29428K, committed 29824K, reserved 1075200K
  class space    used 3412K, capacity 3591K, committed 3712K, reserved 1048576K
}
Event: 13.362 GC heap before
{Heap before GC invocations=8 (full 1):
 PSYoungGen      total 103936K, used 103908K [0x000000076af80000, 0x0000000773400000, 0x00000007c0000000)
  eden space 90112K, 100% used [0x000000076af80000,0x0000000770780000,0x0000000770780000)
  from space 13824K, 99% used [0x0000000771a00000,0x0000000772779180,0x0000000772780000)
  to   space 18944K, 0% used [0x0000000770780000,0x0000000770780000,0x0000000771a00000)
 ParOldGen       total 114176K, used 21393K [0x00000006c0e00000, 0x00000006c7d80000, 0x000000076af80000)
  object space 114176K, 18% used [0x00000006c0e00000,0x00000006c22e4630,0x00000006c7d80000)
 Metaspace       used 28870K, capacity 29428K, committed 29824K, reserved 1075200K
  class space    used 3412K, capacity 3591K, committed 3712K, reserved 1048576K
Event: 13.412 GC heap after
Heap after GC invocations=8 (full 1):
 PSYoungGen      total 109056K, used 18919K [0x000000076af80000, 0x0000000777680000, 0x00000007c0000000)
  eden space 90112K, 0% used [0x000000076af80000,0x000000076af80000,0x0000000770780000)
  from space 18944K, 99% used [0x0000000770780000,0x00000007719f9f60,0x0000000771a00000)
  to   space 25088K, 0% used [0x0000000775e00000,0x0000000775e00000,0x0000000777680000)
 ParOldGen       total 114176K, used 28886K [0x00000006c0e00000, 0x00000006c7d80000, 0x000000076af80000)
  object space 114176K, 25% used [0x00000006c0e00000,0x00000006c2a35990,0x00000006c7d80000)
 Metaspace       used 28870K, capacity 29428K, committed 29824K, reserved 1075200K
  class space    used 3412K, capacity 3591K, committed 3712K, reserved 1048576K
}

