# JRE version: Java(TM) SE Runtime Environment (8.0_111-b14) (build 1.8.0_111-b14)
# Java VM: Java HotSpot(TM) 64-Bit Server VM (25.111-b14 mixed mode windows-amd64 compressed oops)
Heap:
 PSYoungGen      total 299008K, used 236752K [0x000000076af80000, 0x000000077f780000, 0x00000007c0000000)
  eden space 264192K, 89% used [0x000000076af80000,0x00000007796b42c0,0x000000077b180000)
  from space 34816K, 0% used [0x000000077d500000,0x000000077d500000,0x000000077f700000)
  to   space 35840K, 0% used [0x000000077b180000,0x000000077b180000,0x000000077d480000)
 ParOldGen       total 182784K, used 33903K [0x00000006c0e00000, 0x00000006cc080000, 0x000000076af80000)
  object space 182784K, 18% used [0x00000006c0e00000,0x00000006c2f1bea0,0x00000006cc080000)
 Metaspace       used 48595K, capacity 49340K, committed 49792K, reserved 1093632K
  class space    used 5810K, capacity 6008K, committed 6016K, reserved 1048576K
GC Heap History (10 events):
Event: 7.665 GC heap before
{Heap before GC invocations=10 (full 1):
 PSYoungGen      total 156672K, used 156644K [0x000000076af80000, 0x0000000777780000, 0x00000007c0000000)
  eden space 131072K, 100% used [0x000000076af80000,0x0000000772f80000,0x0000000772f80000)
  from space 25600K, 99% used [0x0000000774d80000,0x0000000776679378,0x0000000776680000)
  to   space 30720K, 0% used [0x0000000772f80000,0x0000000772f80000,0x0000000774d80000)
 ParOldGen       total 117760K, used 32262K [0x00000006c0e00000, 0x00000006c8100000, 0x000000076af80000)
  object space 117760K, 27% used [0x00000006c0e00000,0x00000006c2d819b8,0x00000006c8100000)
 Metaspace       used 28613K, capacity 29214K, committed 29440K, reserved 1075200K
  class space    used 3397K, capacity 3561K, committed 3584K, reserved 1048576K
Event: 7.695 GC heap after
Heap after GC invocations=10 (full 1):
 PSYoungGen      total 161792K, used 26014K [0x000000076af80000, 0x000000077a680000, 0x00000007c0000000)
  eden space 131072K, 0% used [0x000000076af80000,0x000000076af80000,0x0000000772f80000)
  from space 30720K, 84% used [0x0000000772f80000,0x00000007748e7898,0x0000000774d80000)
  to   space 32768K, 0% used [0x0000000778680000,0x0000000778680000,0x000000077a680000)
 ParOldGen       total 117760K, used 44233K [0x00000006c0e00000, 0x00000006c8100000, 0x000000076af80000)
  object space 117760K, 37% used [0x00000006c0e00000,0x00000006c3932478,0x00000006c8100000)
 Metaspace       used 28613K, capacity 29214K, committed 29440K, reserved 1075200K
  class space    used 3397K, capacity 3561K, committed 3584K, reserved 1048576K
}
Event: 8.098 GC heap before
{Heap before GC invocations=11 (full 1):
 PSYoungGen      total 161792K, used 157086K [0x000000076af80000, 0x000000077a680000, 0x00000007c0000000)
  eden space 131072K, 100% used [0x000000076af80000,0x0000000772f80000,0x0000000772f80000)
  from space 30720K, 84% used [0x0000000772f80000,0x00000007748e7898,0x0000000774d80000)
  to   space 32768K, 0% used [0x0000000778680000,0x0000000778680000,0x000000077a680000)
 ParOldGen       total 117760K, used 44233K [0x00000006c0e00000, 0x00000006c8100000, 0x000000076af80000)
  object space 117760K, 37% used [0x00000006c0e00000,0x00000006c3932478,0x00000006c8100000)
 Metaspace       used 28623K, capacity 29214K, committed 29440K, reserved 1075200K
  class space    used 3399K, capacity 3561K, committed 3584K, reserved 1048576K
Event: 8.117 GC heap after
Heap after GC invocations=11 (full 1):
 PSYoungGen      total 219136K, used 23926K [0x000000076af80000, 0x000000077a980000, 0x00000007c0000000)
  eden space 186368K, 0% used [0x000000076af80000,0x000000076af80000,0x0000000776580000)
  from space 32768K, 73% used [0x0000000778680000,0x0000000779ddda98,0x000000077a680000)
  to   space 33792K, 0% used [0x0000000776580000,0x0000000776580000,0x0000000778680000)
 ParOldGen       total 117760K, used 47393K [0x00000006c0e00000, 0x00000006c8100000, 0x000000076af80000)
  object space 117760K, 40% used [0x00000006c0e00000,0x00000006c3c48590,0x00000006c8100000)
 Metaspace       used 28623K, capacity 29214K, committed 29440K, reserved 1075200K
  class space    used 3399K, capacity 3561K, committed 3584K, reserved 1048576K
}
Event: 8.814 GC heap before
{Heap before GC invocations=12 (full 1):
 PSYoungGen      total 219136K, used 210294K [0x000000076af80000, 0x000000077a980000, 0x00000007c0000000)
  eden space 186368K, 100% used [0x000000076af80000,0x0000000776580000,0x0000000776580000)
  from space 32768K, 73% used [0x0000000778680000,0x0000000779ddda98,0x000000077a680000)
  to   space 33792K, 0% used [0x0000000776580000,0x0000000776580000,0x0000000778680000)
 ParOldGen       total 117760K, used 47393K [0x00000006c0e00000, 0x00000006c8100000, 0x000000076af80000)
  object space 117760K, 40% used [0x00000006c0e00000,0x00000006c3c48590,0x00000006c8100000)
 Metaspace       used 29253K, capacity 29926K, committed 30080K, reserved 1075200K
  class space    used 3467K, capacity 3629K, committed 3712K, reserved 1048576K
Event: 8.832 GC heap after
Heap after GC invocations=12 (full 1):
 PSYoungGen      total 220160K, used 25478K [0x000000076af80000, 0x000000077f700000, 0x00000007c0000000)
  eden space 186368K, 0% used [0x000000076af80000,0x000000076af80000,0x0000000776580000)
  from space 33792K, 75% used [0x0000000776580000,0x0000000777e61bd0,0x0000000778680000)
  to   space 34816K, 0% used [0x000000077d500000,0x000000077d500000,0x000000077f700000)
 ParOldGen       total 117760K, used 48944K [0x00000006c0e00000, 0x00000006c8100000, 0x000000076af80000)
  object space 117760K, 41% used [0x00000006c0e00000,0x00000006c3dcc258,0x00000006c8100000)
 Metaspace       used 29253K, capacity 29926K, committed 30080K, reserved 1075200K
  class space    used 3467K, capacity 3629K, committed 3712K, reserved 1048576K
}
Event: 9.235 GC heap before
{Heap before GC invocations=13 (full 1):
 PSYoungGen      total 220160K, used 60486K [0x000000076af80000, 0x000000077f700000, 0x00000007c0000000)
  eden space 186368K, 18% used [0x000000076af80000,0x000000076d1afea0,0x0000000776580000)
  from space 33792K, 75% used [0x0000000776580000,0x0000000777e61bd0,0x0000000778680000)
  to   space 34816K, 0% used [0x000000077d500000,0x000000077d500000,0x000000077f700000)
 ParOldGen       total 117760K, used 48944K [0x00000006c0e00000, 0x00000006c8100000, 0x000000076af80000)
  object space 117760K, 41% used [0x00000006c0e00000,0x00000006c3dcc258,0x00000006c8100000)
 Metaspace       used 34573K, capacity 35250K, committed 35496K, reserved 1081344K
  class space    used 4103K, capacity 4313K, committed 4352K, reserved 1048576K
Event: 9.246 GC heap after
Heap after GC invocations=13 (full 1):
 PSYoungGen      total 299008K, used 3875K [0x000000076af80000, 0x000000077f780000, 0x00000007c0000000)
  eden space 264192K, 0% used [0x000000076af80000,0x000000076af80000,0x000000077b180000)
  from space 34816K, 11% used [0x000000077d500000,0x000000077d8c8df0,0x000000077f700000)
  to   space 35840K, 0% used [0x000000077b180000,0x000000077b180000,0x000000077d480000)
 ParOldGen       total 117760K, used 54471K [0x00000006c0e00000, 0x00000006c8100000, 0x000000076af80000)
  object space 117760K, 46% used [0x00000006c0e00000,0x00000006c4331c20,0x00000006c8100000)
 Metaspace       used 34573K, capacity 35250K, committed 35496K, reserved 1081344K
  class space    used 4103K, capacity 4313K, committed 4352K, reserved 1048576K
}
Event: 9.246 GC heap before
{Heap before GC invocations=14 (full 2):
 PSYoungGen      total 299008K, used 3875K [0x000000076af80000, 0x000000077f780000, 0x00000007c0000000)
  eden space 264192K, 0% used [0x000000076af80000,0x000000076af80000,0x000000077b180000)
  from space 34816K, 11% used [0x000000077d500000,0x000000077d8c8df0,0x000000077f700000)
  to   space 35840K, 0% used [0x000000077b180000,0x000000077b180000,0x000000077d480000)
 ParOldGen       total 117760K, used 54471K [0x00000006c0e00000, 0x00000006c8100000, 0x000000076af80000)
  object space 117760K, 46% used [0x00000006c0e00000,0x00000006c4331c20,0x00000006c8100000)
 Metaspace       used 34573K, capacity 35250K, committed 35496K, reserved 1081344K
  class space    used 4103K, capacity 4313K, committed 4352K, reserved 1048576K
Event: 9.354 GC heap after
Heap after GC invocations=14 (full 2):
 PSYoungGen      total 299008K, used 0K [0x000000076af80000, 0x000000077f780000, 0x00000007c0000000)
  eden space 264192K, 0% used [0x000000076af80000,0x000000076af80000,0x000000077b180000)
  from space 34816K, 0% used [0x000000077d500000,0x000000077d500000,0x000000077f700000)
  to   space 35840K, 0% used [0x000000077b180000,0x000000077b180000,0x000000077d480000)
 ParOldGen       total 182784K, used 33903K [0x00000006c0e00000, 0x00000006cc080000, 0x000000076af80000)
  object space 182784K, 18% used [0x00000006c0e00000,0x00000006c2f1bea0,0x00000006cc080000)
 Metaspace       used 34573K, capacity 35250K, committed 35496K, reserved 1081344K
  class space    used 4103K, capacity 4313K, committed 4352K, reserved 1048576K
}

